Started by user [8mha:////4MQJZdb9I5lNO70uCvhLqfOxAhh+dtd14bnc2zQ1tHvAAAAAmR+LCAAAAAAAAP9b85aBtbiIQTGjNKU4P08vOT+vOD8nVc83PyU1x6OyILUoJzMv2y+/JJUBAhiZGBgqihhk0NSjKDWzXb3RdlLBUSYGJk8GtpzUvPSSDB8G5tKinBIGIZ+sxLJE/ZzEvHT94JKizLx0a6BxUmjGOUNodHsLgAz2EgZe/dLi1CL9rNS87My8YgDGtiJjwgAAAA==[0mjenkins
Running as SYSTEM
[EnvInject] - Loading node environment variables.
Building on master in workspace /var/lib/jenkins/workspace/s3-deploy-tomcat
No credentials specified
 > git rev-parse --is-inside-work-tree # timeout=10
Fetching changes from the remote Git repository
 > git config remote.origin.url https://github.com/knowledgeshare99/ansible-ks-all.git # timeout=10
Fetching upstream changes from https://github.com/knowledgeshare99/ansible-ks-all.git
 > git --version # timeout=10
 > git fetch --tags --force --progress -- https://github.com/knowledgeshare99/ansible-ks-all.git +refs/heads/*:refs/remotes/origin/* # timeout=10
 > git rev-parse refs/remotes/origin/master^{commit} # timeout=10
 > git rev-parse refs/remotes/origin/origin/master^{commit} # timeout=10
Checking out Revision b958ca23c54b66e8c6640ea627cf344b1ab23b81 (refs/remotes/origin/master)
 > git config core.sparsecheckout # timeout=10
 > git checkout -f b958ca23c54b66e8c6640ea627cf344b1ab23b81 # timeout=10
Commit message: "Update copyartifact.yml"
 > git rev-list --no-walk b958ca23c54b66e8c6640ea627cf344b1ab23b81 # timeout=10
[s3-deploy-tomcat] $ /bin/sh -xe /tmp/jenkins4302266586714556522.sh
+ echo 'Lisging Artifact content from S3 bucket to Worspace'
Lisging Artifact content from S3 bucket to Worspace
+ aws s3 ls s3://artifact-s3-ks
2020-03-21 12:02:17    3192545 gameoflife.war
+ wc -l
+ aws s3 ls s3://artifact-s3-ks
1
+ echo 'Downloading Artifact content from S3 bucket to Worspace'
Downloading Artifact content from S3 bucket to Worspace
+ aws s3 cp s3://artifact-s3-ks /var/lib/jenkins/workspace/s3-deploy-tomcat --recursive
Completed 256.0 KiB/3.0 MiB (662.5 KiB/s) with 1 file(s) remainingCompleted 512.0 KiB/3.0 MiB (1.3 MiB/s) with 1 file(s) remaining  Completed 768.0 KiB/3.0 MiB (1.9 MiB/s) with 1 file(s) remaining  Completed 1.0 MiB/3.0 MiB (2.5 MiB/s) with 1 file(s) remaining    Completed 1.2 MiB/3.0 MiB (3.1 MiB/s) with 1 file(s) remaining    Completed 1.5 MiB/3.0 MiB (3.6 MiB/s) with 1 file(s) remaining    Completed 1.8 MiB/3.0 MiB (4.2 MiB/s) with 1 file(s) remaining    Completed 2.0 MiB/3.0 MiB (4.8 MiB/s) with 1 file(s) remaining    Completed 2.2 MiB/3.0 MiB (5.3 MiB/s) with 1 file(s) remaining    Completed 2.5 MiB/3.0 MiB (5.8 MiB/s) with 1 file(s) remaining    Completed 2.8 MiB/3.0 MiB (6.4 MiB/s) with 1 file(s) remaining    Completed 3.0 MiB/3.0 MiB (6.9 MiB/s) with 1 file(s) remaining    Completed 3.0 MiB/3.0 MiB (7.0 MiB/s) with 1 file(s) remaining    download: s3://artifact-s3-ks/gameoflife.war to ./gameoflife.war  
+ pwd
/var/lib/jenkins/workspace/s3-deploy-tomcat
+ ls -lrt
total 4964
-rw-r--r--  1 jenkins jenkins 3192545 Mar 21 12:02 gameoflife.war
-rw-r--r--  1 jenkins jenkins     258 Mar 21 12:43 README.md
-rw-r--r--  1 jenkins jenkins    1327 Mar 21 12:43 ec2-remote.yml
-rw-r--r--  1 jenkins jenkins    1169 Mar 21 12:43 ec2-luanching.yml
-rw-r--r--  1 jenkins jenkins      10 Mar 21 12:43 ec2-luanching.retry
-rw-r--r--  1 jenkins jenkins     766 Mar 21 12:43 EC2-LaunchingInstance.yml
-rw-r--r--  1 jenkins jenkins      11 Mar 21 12:43 EC2-LaunchingInstance.retry
-rw-r--r--  1 jenkins jenkins     770 Mar 21 12:43 ec2-instance.yml
-rw-r--r--  1 jenkins jenkins      11 Mar 21 12:43 ec2-instance.retry
-rw-r--r--  1 jenkins jenkins     241 Mar 21 12:43 ec2-instance-removed.yml
-rw-r--r--  1 jenkins jenkins      10 Mar 21 12:43 ec2-instance-removed.retry
-rw-r--r--  1 jenkins jenkins     672 Mar 21 12:43 ec2-createSecurityGroup.yml
-rw-r--r--  1 jenkins jenkins     296 Mar 21 12:43 creat-user.yml
-rw-r--r--  1 jenkins jenkins     258 Mar 21 12:43 creat-users-loop.yml
-rw-r--r--  1 jenkins jenkins      11 Mar 21 12:43 creat-user.retry
-rw-r--r--  1 jenkins jenkins     169 Mar 21 12:43 copy-slave.yml
-rw-r--r--  1 jenkins jenkins     174 Mar 21 12:43 copy-data-emp.yml
-rw-r--r--  1 jenkins jenkins      84 Mar 21 12:43 apache-site-role.yml
-rw-r--r--  1 jenkins jenkins      11 Mar 21 12:43 apache-site-role.retry
-rw-r--r--  1 jenkins jenkins     284 Mar 21 12:43 apache-httpd.yml
-rw-r--r--  1 jenkins jenkins      11 Mar 21 12:43 apache-httpd.retry
-rw-r--r--  1 jenkins jenkins     217 Mar 21 12:43 apache-httpd-local-remote.yml
-rw-r--r--  1 jenkins jenkins     106 Mar 21 12:43 apache-basic.yml
-rw-r--r--  1 jenkins jenkins      11 Mar 21 12:43 apache-basic.retry
-rwxr-xr-x  1 jenkins jenkins   19155 Mar 21 12:43 ansible.cfg
-rw-r--r--  1 jenkins jenkins      57 Mar 21 12:43 master-play.yml
-rw-r--r--  1 jenkins jenkins      11 Mar 21 12:43 master-playbook.retry
drwxr-xr-x  3 jenkins jenkins      23 Mar 21 12:43 ks-skel-role
-rw-r--r--  1 jenkins jenkins     531 Mar 21 12:43 httpd-postgresql.yml
-rw-r--r--  1 jenkins jenkins      11 Mar 21 12:43 httpd-postgresql.retry
-rw-r--r--  1 jenkins jenkins     534 Mar 21 12:43 httpd-all.yml
-rw-r--r--  1 jenkins jenkins      11 Mar 21 12:43 httpd-all.retry
-rwxr-xr-x  1 jenkins jenkins    1016 Mar 21 12:43 hosts-ORG
-rwxr-xr-x  1 jenkins jenkins      81 Mar 21 12:43 hosts
-rw-r--r--  1 jenkins jenkins     276 Mar 21 12:43 get-url-tomcat.yml
-rw-r--r--  1 jenkins jenkins 1661676 Mar 21 12:43 get-pip.py
-rw-r--r--  1 jenkins jenkins     559 Mar 21 12:43 remote-root-httpd.yml
-rw-r--r--  1 jenkins jenkins      11 Mar 21 12:43 remote-root-httpd.retry
-rw-r--r--  1 jenkins jenkins      61 Mar 21 12:43 ping.yml
-rw-r--r--  1 jenkins jenkins      66 Mar 21 12:43 master-playbook.yml
-rw-r--r--  1 jenkins jenkins      90 Mar 21 12:43 yum-install.yml
-rw-r--r--  1 jenkins jenkins      21 Mar 21 12:43 yum-install.retry
-rw-r--r--  1 jenkins jenkins    1003 Mar 21 12:43 valut-ec2test.yml
-rw-r--r--  1 jenkins jenkins     142 Mar 21 12:43 tomcat-roles.yml
-rw-r--r--  1 jenkins jenkins      11 Mar 21 12:43 tomcat-roles.retry
-rw-r--r--  1 jenkins jenkins       5 Mar 21 12:43 tomcat-roles.py
-rw-r--r--  1 jenkins jenkins    1418 Mar 21 12:43 tomcat-installation-playbook.yml
-rw-r--r--  1 jenkins jenkins     324 Mar 21 12:43 tags-ex-httpd-packages.yml
drwxr-xr-x  2 jenkins jenkins      22 Mar 21 12:43 srv
-rw-r--r--  1 jenkins jenkins      23 Mar 21 12:43 slave1.txt
-rw-r--r--  1 jenkins jenkins     108 Mar 21 12:43 simple.yml
-rw-r--r--  1 jenkins jenkins     792 Mar 21 12:43 setpassword.yml
-rw-r--r--  1 jenkins jenkins      31 Mar 21 12:43 script.sh
-rw-r--r--  1 jenkins jenkins      89 Mar 21 12:43 sample-httpd.yml
drwxr-xr-x 13 jenkins jenkins     184 Mar 21 12:43 roles
-rw-r--r--  1 jenkins jenkins     234 Mar 21 12:44 copyartifact.yml
[s3-deploy-tomcat] $ sshpass ******** ansible-playbook copyartifact.yml -i 172.31.5.160 -l slavegroup -f 5 -u jenkins -k
FATAL: command execution failed
java.io.IOException: Cannot run program "sshpass" (in directory "/var/lib/jenkins/workspace/s3-deploy-tomcat"): error=2, No such file or directory
	at java.lang.ProcessBuilder.start(ProcessBuilder.java:1048)
	at hudson.Proc$LocalProc.<init>(Proc.java:250)
	at hudson.Proc$LocalProc.<init>(Proc.java:219)
	at hudson.Launcher$LocalLauncher.launch(Launcher.java:937)
	at hudson.Launcher$ProcStarter.start(Launcher.java:455)
	at hudson.Launcher$ProcStarter.join(Launcher.java:466)
	at org.jenkinsci.plugins.ansible.CLIRunner.execute(CLIRunner.java:49)
	at org.jenkinsci.plugins.ansible.AbstractAnsibleInvocation.execute(AbstractAnsibleInvocation.java:290)
	at org.jenkinsci.plugins.ansible.AnsiblePlaybookInvocation.execute(AnsiblePlaybookInvocation.java:31)
	at org.jenkinsci.plugins.ansible.AnsiblePlaybookBuilder.perform(AnsiblePlaybookBuilder.java:261)
	at org.jenkinsci.plugins.ansible.AnsiblePlaybookBuilder.perform(AnsiblePlaybookBuilder.java:232)
	at hudson.tasks.BuildStepCompatibilityLayer.perform(BuildStepCompatibilityLayer.java:78)
	at hudson.tasks.BuildStepMonitor$1.perform(BuildStepMonitor.java:20)
	at hudson.model.AbstractBuild$AbstractBuildExecution.perform(AbstractBuild.java:741)
	at hudson.model.Build$BuildExecution.build(Build.java:206)
	at hudson.model.Build$BuildExecution.doRun(Build.java:163)
	at hudson.model.AbstractBuild$AbstractBuildExecution.run(AbstractBuild.java:504)
	at hudson.model.Run.execute(Run.java:1853)
	at hudson.model.FreeStyleBuild.run(FreeStyleBuild.java:43)
	at hudson.model.ResourceController.execute(ResourceController.java:97)
	at hudson.model.Executor.run(Executor.java:427)
Caused by: java.io.IOException: error=2, No such file or directory
	at java.lang.UNIXProcess.forkAndExec(Native Method)
	at java.lang.UNIXProcess.<init>(UNIXProcess.java:247)
	at java.lang.ProcessImpl.start(ProcessImpl.java:134)
	at java.lang.ProcessBuilder.start(ProcessBuilder.java:1029)
	... 20 more
FATAL: Cannot run program "sshpass" (in directory "/var/lib/jenkins/workspace/s3-deploy-tomcat"): error=2, No such file or directory
java.io.IOException: error=2, No such file or directory
	at java.lang.UNIXProcess.forkAndExec(Native Method)
	at java.lang.UNIXProcess.<init>(UNIXProcess.java:247)
	at java.lang.ProcessImpl.start(ProcessImpl.java:134)
	at java.lang.ProcessBuilder.start(ProcessBuilder.java:1029)
Caused: java.io.IOException: Cannot run program "sshpass" (in directory "/var/lib/jenkins/workspace/s3-deploy-tomcat"): error=2, No such file or directory
	at java.lang.ProcessBuilder.start(ProcessBuilder.java:1048)
	at hudson.Proc$LocalProc.<init>(Proc.java:250)
	at hudson.Proc$LocalProc.<init>(Proc.java:219)
	at hudson.Launcher$LocalLauncher.launch(Launcher.java:937)
	at hudson.Launcher$ProcStarter.start(Launcher.java:455)
	at hudson.Launcher$ProcStarter.join(Launcher.java:466)
	at org.jenkinsci.plugins.ansible.CLIRunner.execute(CLIRunner.java:49)
	at org.jenkinsci.plugins.ansible.AbstractAnsibleInvocation.execute(AbstractAnsibleInvocation.java:290)
	at org.jenkinsci.plugins.ansible.AnsiblePlaybookInvocation.execute(AnsiblePlaybookInvocation.java:31)
	at org.jenkinsci.plugins.ansible.AnsiblePlaybookBuilder.perform(AnsiblePlaybookBuilder.java:261)
	at org.jenkinsci.plugins.ansible.AnsiblePlaybookBuilder.perform(AnsiblePlaybookBuilder.java:232)
	at hudson.tasks.BuildStepCompatibilityLayer.perform(BuildStepCompatibilityLayer.java:78)
	at hudson.tasks.BuildStepMonitor$1.perform(BuildStepMonitor.java:20)
	at hudson.model.AbstractBuild$AbstractBuildExecution.perform(AbstractBuild.java:741)
	at hudson.model.Build$BuildExecution.build(Build.java:206)
	at hudson.model.Build$BuildExecution.doRun(Build.java:163)
	at hudson.model.AbstractBuild$AbstractBuildExecution.run(AbstractBuild.java:504)
	at hudson.model.Run.execute(Run.java:1853)
	at hudson.model.FreeStyleBuild.run(FreeStyleBuild.java:43)
	at hudson.model.ResourceController.execute(ResourceController.java:97)
	at hudson.model.Executor.run(Executor.java:427)
Started calculate disk usage of build
Finished Calculation of disk usage of build in 0 seconds
Started calculate disk usage of workspace
Finished Calculation of disk usage of workspace in 0 seconds
Finished: FAILURE
