Started by user [8mha:////4Fk1k7e+48rHXUzmlNpYSU0RU1syiePVtwyB//KweiJrAAAAmR+LCAAAAAAAAP9b85aBtbiIQTGjNKU4P08vOT+vOD8nVc83PyU1x6OyILUoJzMv2y+/JJUBAhiZGBgqihhk0NSjKDWzXb3RdlLBUSYGJk8GtpzUvPSSDB8G5tKinBIGIZ+sxLJE/ZzEvHT94JKizLx0a6BxUmjGOUNodHsLgAz2EgZe/dLi1CL9rNS87My8YgDGtiJjwgAAAA==[0mjenkins
[EnvInject] - Loading node environment variables.
Building remotely on [8mha:////4AKVLJpkwkbdzHlJpuys9q6jr+fEEHJOlYmVQexP9aoQAAAAoh+LCAAAAAAAAP9b85aBtbiIQTGjNKU4P08vOT+vOD8nVc83PyU1x6OyILUoJzMv2y+/JJUBAhiZGBgqihhk0NSjKDWzXb3RdlLBUSYGJk8GtpzUvPSSDB8G5tKinBIGIZ+sxLJE/ZzEvHT94JKizLx0a6BxUmjGOUNodHsLgAyeEgYx/eT83ILSktQi/eKcxLJUI93knMTiYgB9J+MfywAAAA==[0mslave2-class (mylabel-class) in workspace /home/jenkins/workspace/Maven_Job-class1
Cloning the remote Git repository
Cloning repository https://github.com/KS-Organization/simple-restful-file-storage.git
 > git init /home/jenkins/workspace/Maven_Job-class1 # timeout=10
Fetching upstream changes from https://github.com/KS-Organization/simple-restful-file-storage.git
 > git --version # timeout=10
 > git fetch --tags --progress https://github.com/KS-Organization/simple-restful-file-storage.git +refs/heads/*:refs/remotes/origin/*
 > git config remote.origin.url https://github.com/KS-Organization/simple-restful-file-storage.git # timeout=10
 > git config --add remote.origin.fetch +refs/heads/*:refs/remotes/origin/* # timeout=10
 > git config remote.origin.url https://github.com/KS-Organization/simple-restful-file-storage.git # timeout=10
Fetching upstream changes from https://github.com/KS-Organization/simple-restful-file-storage.git
 > git fetch --tags --progress https://github.com/KS-Organization/simple-restful-file-storage.git +refs/heads/*:refs/remotes/origin/*
 > git rev-parse refs/remotes/origin/master^{commit} # timeout=10
 > git rev-parse refs/remotes/origin/origin/master^{commit} # timeout=10
Checking out Revision c5f0ae3b0b384f22f4e3e909881a4f1aa0998db2 (refs/remotes/origin/master)
 > git config core.sparsecheckout # timeout=10
 > git checkout -f c5f0ae3b0b384f22f4e3e909881a4f1aa0998db2
Commit message: "Merge pull request #1 from knowledgeshare99/master"
First time build. Skipping changelog.
Unpacking https://repo.maven.apache.org/maven2/org/apache/maven/apache-maven/3.5.0/apache-maven-3.5.0-bin.zip to /home/jenkins/tools/hudson.tasks.Maven_MavenInstallation/LocalMaven2 on slave2-class
[Maven_Job-class1] $ /home/jenkins/tools/hudson.tasks.Maven_MavenInstallation/LocalMaven2/bin/mvn compile
[INFO] Scanning for projects...
[8mha:////4B9hiNTi7UKoGwe6I08zfcchzFvqwNxs8N4lFpG4HptVAAAAYx+LCAAAAAAAAP9b85aBtbiIQSWjNKU4P0+vJLE4u1gvPjexLDVPzxdEhicW5WXmpfvll6S2fNly5fzGzauYGBgqihikoFqS8/OK83NS9ZwhNEghAwQwghQWAACwxA+XYgAAAA==[0m[WARNING] 
[8mha:////4B9hiNTi7UKoGwe6I08zfcchzFvqwNxs8N4lFpG4HptVAAAAYx+LCAAAAAAAAP9b85aBtbiIQSWjNKU4P0+vJLE4u1gvPjexLDVPzxdEhicW5WXmpfvll6S2fNly5fzGzauYGBgqihikoFqS8/OK83NS9ZwhNEghAwQwghQWAACwxA+XYgAAAA==[0m[WARNING] Some problems were encountered while building the effective model for com.mycompany:camel-spring4:jar:0.0.1-SNAPSHOT
[8mha:////4B9hiNTi7UKoGwe6I08zfcchzFvqwNxs8N4lFpG4HptVAAAAYx+LCAAAAAAAAP9b85aBtbiIQSWjNKU4P0+vJLE4u1gvPjexLDVPzxdEhicW5WXmpfvll6S2fNly5fzGzauYGBgqihikoFqS8/OK83NS9ZwhNEghAwQwghQWAACwxA+XYgAAAA==[0m[WARNING] 'build.plugins.plugin.(groupId:artifactId)' must be unique but found duplicate declaration of plugin org.apache.maven.plugins:maven-compiler-plugin @ line 334, column 15
[8mha:////4B9hiNTi7UKoGwe6I08zfcchzFvqwNxs8N4lFpG4HptVAAAAYx+LCAAAAAAAAP9b85aBtbiIQSWjNKU4P0+vJLE4u1gvPjexLDVPzxdEhicW5WXmpfvll6S2fNly5fzGzauYGBgqihikoFqS8/OK83NS9ZwhNEghAwQwghQWAACwxA+XYgAAAA==[0m[WARNING] 
[8mha:////4B9hiNTi7UKoGwe6I08zfcchzFvqwNxs8N4lFpG4HptVAAAAYx+LCAAAAAAAAP9b85aBtbiIQSWjNKU4P0+vJLE4u1gvPjexLDVPzxdEhicW5WXmpfvll6S2fNly5fzGzauYGBgqihikoFqS8/OK83NS9ZwhNEghAwQwghQWAACwxA+XYgAAAA==[0m[WARNING] It is highly recommended to fix these problems because they threaten the stability of your build.
[8mha:////4B9hiNTi7UKoGwe6I08zfcchzFvqwNxs8N4lFpG4HptVAAAAYx+LCAAAAAAAAP9b85aBtbiIQSWjNKU4P0+vJLE4u1gvPjexLDVPzxdEhicW5WXmpfvll6S2fNly5fzGzauYGBgqihikoFqS8/OK83NS9ZwhNEghAwQwghQWAACwxA+XYgAAAA==[0m[WARNING] 
[8mha:////4B9hiNTi7UKoGwe6I08zfcchzFvqwNxs8N4lFpG4HptVAAAAYx+LCAAAAAAAAP9b85aBtbiIQSWjNKU4P0+vJLE4u1gvPjexLDVPzxdEhicW5WXmpfvll6S2fNly5fzGzauYGBgqihikoFqS8/OK83NS9ZwhNEghAwQwghQWAACwxA+XYgAAAA==[0m[WARNING] For this reason, future Maven versions might no longer support building such malformed projects.
[8mha:////4B9hiNTi7UKoGwe6I08zfcchzFvqwNxs8N4lFpG4HptVAAAAYx+LCAAAAAAAAP9b85aBtbiIQSWjNKU4P0+vJLE4u1gvPjexLDVPzxdEhicW5WXmpfvll6S2fNly5fzGzauYGBgqihikoFqS8/OK83NS9ZwhNEghAwQwghQWAACwxA+XYgAAAA==[0m[WARNING] 
[INFO] 
[INFO] ------------------------------------------------------------------------
[INFO] Building Velocity Temple 0.0.1-SNAPSHOT
[INFO] ------------------------------------------------------------------------
[8mha:////4B9hiNTi7UKoGwe6I08zfcchzFvqwNxs8N4lFpG4HptVAAAAYx+LCAAAAAAAAP9b85aBtbiIQSWjNKU4P0+vJLE4u1gvPjexLDVPzxdEhicW5WXmpfvll6S2fNly5fzGzauYGBgqihikoFqS8/OK83NS9ZwhNEghAwQwghQWAACwxA+XYgAAAA==[0m[WARNING] The POM for com.sun.xml.bind:jaxb-core:jar:2.2.11 is invalid, transitive dependencies (if any) will not be available, enable debug logging for more details
[8mha:////4B9hiNTi7UKoGwe6I08zfcchzFvqwNxs8N4lFpG4HptVAAAAYx+LCAAAAAAAAP9b85aBtbiIQSWjNKU4P0+vJLE4u1gvPjexLDVPzxdEhicW5WXmpfvll6S2fNly5fzGzauYGBgqihikoFqS8/OK83NS9ZwhNEghAwQwghQWAACwxA+XYgAAAA==[0m[WARNING] The POM for com.sun.xml.bind:jaxb-impl:jar:2.2.11 is invalid, transitive dependencies (if any) will not be available, enable debug logging for more details
Downloading: http://repo.fusesource.com/nexus/content/repositories/releases/org/apache/deltaspike/core/deltaspike-core-impl/1.5.0/deltaspike-core-impl-1.5.0.jar
Downloading: http://repo.fusesource.com/nexus/content/repositories/releases/org/apache/maven/wagon/wagon-file/1.0-beta-2/wagon-file-1.0-beta-2.jar
Downloading: http://repo.fusesource.com/nexus/content/repositories/releases/org/apache/maven/wagon/wagon-http-lightweight/1.0-beta-2/wagon-http-lightweight-1.0-beta-2.jar
Downloading: http://repo.fusesource.com/nexus/content/repositories/releases/org/apache/maven/wagon/wagon-http-shared/1.0-beta-2/wagon-http-shared-1.0-beta-2.jar
Downloading: http://repo.fusesource.com/nexus/content/repositories/releases/jtidy/jtidy/4aug2000r7-dev/jtidy-4aug2000r7-dev.jar
Downloading: http://repo.fusesource.com/nexus/content/repositories/releases/org/apache/maven/wagon/wagon-ssh-external/1.0-beta-2/wagon-ssh-external-1.0-beta-2.jar
Downloading: http://repo.fusesource.com/nexus/content/repositories/releases/org/apache/maven/wagon/wagon-ssh-common/1.0-beta-2/wagon-ssh-common-1.0-beta-2.jar
Downloading: http://repo.fusesource.com/nexus/content/repositories/releases/org/apache/maven/wagon/wagon-ssh/1.0-beta-2/wagon-ssh-1.0-beta-2.jar
Downloading: http://repo.fusesource.com/nexus/content/groups/ea/org/apache/deltaspike/core/deltaspike-core-impl/1.5.0/deltaspike-core-impl-1.5.0.jar
Downloading: http://repo.fusesource.com/nexus/content/groups/ea/org/apache/maven/wagon/wagon-file/1.0-beta-2/wagon-file-1.0-beta-2.jar
Downloading: http://repo.fusesource.com/nexus/content/groups/ea/org/apache/maven/wagon/wagon-http-lightweight/1.0-beta-2/wagon-http-lightweight-1.0-beta-2.jar
Downloading: http://repo.fusesource.com/nexus/content/groups/ea/org/apache/maven/wagon/wagon-http-shared/1.0-beta-2/wagon-http-shared-1.0-beta-2.jar
Downloading: http://repo.fusesource.com/nexus/content/groups/ea/jtidy/jtidy/4aug2000r7-dev/jtidy-4aug2000r7-dev.jar
Downloading: http://repo.fusesource.com/nexus/content/groups/ea/org/apache/maven/wagon/wagon-ssh-external/1.0-beta-2/wagon-ssh-external-1.0-beta-2.jar
Downloading: http://repo.fusesource.com/nexus/content/groups/ea/org/apache/maven/wagon/wagon-ssh-common/1.0-beta-2/wagon-ssh-common-1.0-beta-2.jar
Downloading: http://repo.fusesource.com/nexus/content/groups/ea/org/apache/maven/wagon/wagon-ssh/1.0-beta-2/wagon-ssh-1.0-beta-2.jar
Downloading: http://repo1.maven.org/maven2/org/apache/deltaspike/core/deltaspike-core-impl/1.5.0/deltaspike-core-impl-1.5.0.jar
Downloading: http://repo1.maven.org/maven2/org/apache/maven/wagon/wagon-file/1.0-beta-2/wagon-file-1.0-beta-2.jar
Downloading: http://repo1.maven.org/maven2/org/apache/maven/wagon/wagon-http-lightweight/1.0-beta-2/wagon-http-lightweight-1.0-beta-2.jar
Downloading: http://repo1.maven.org/maven2/org/apache/maven/wagon/wagon-http-shared/1.0-beta-2/wagon-http-shared-1.0-beta-2.jar
Downloading: http://repo1.maven.org/maven2/jtidy/jtidy/4aug2000r7-dev/jtidy-4aug2000r7-dev.jar
Progress (1): 4.1/9.9 kBProgress (2): 4.1/9.9 kB | 4.1/138 kBProgress (3): 4.1/9.9 kB | 4.1/138 kB | 4.1/12 kBProgress (3): 4.1/9.9 kB | 4.1/138 kB | 8.2/12 kBProgress (3): 4.1/9.9 kB | 4.1/138 kB | 12/12 kB Progress (4): 4.1/9.9 kB | 4.1/138 kB | 12/12 kB | 4.1/9.6 kBProgress (4): 4.1/9.9 kB | 4.1/138 kB | 12/12 kB | 7.7/9.6 kBProgress (4): 4.1/9.9 kB | 4.1/138 kB | 12/12 kB | 9.6 kB    Progress (4): 4.1/9.9 kB | 7.7/138 kB | 12/12 kB | 9.6 kBProgress (4): 4.1/9.9 kB | 12/138 kB | 12/12 kB | 9.6 kB Progress (4): 4.1/9.9 kB | 16/138 kB | 12/12 kB | 9.6 kBProgress (4): 4.1/9.9 kB | 16/138 kB | 12 kB | 9.6 kB   Progress (4): 7.7/9.9 kB | 16/138 kB | 12 kB | 9.6 kBProgress (4): 9.9 kB | 16/138 kB | 12 kB | 9.6 kB    Progress (4): 9.9 kB | 20/138 kB | 12 kB | 9.6 kBProgress (4): 9.9 kB | 24/138 kB | 12 kB | 9.6 kB                                                 Downloaded: http://repo1.maven.org/maven2/org/apache/maven/wagon/wagon-http-lightweight/1.0-beta-2/wagon-http-lightweight-1.0-beta-2.jar (12 kB at 131 kB/s)
Downloading: http://repo1.maven.org/maven2/org/apache/maven/wagon/wagon-ssh-external/1.0-beta-2/wagon-ssh-external-1.0-beta-2.jar
Downloaded: http://repo1.maven.org/maven2/org/apache/maven/wagon/wagon-http-shared/1.0-beta-2/wagon-http-shared-1.0-beta-2.jar (9.6 kB at 96 kB/s)
Downloading: http://repo1.maven.org/maven2/org/apache/maven/wagon/wagon-ssh-common/1.0-beta-2/wagon-ssh-common-1.0-beta-2.jar
Progress (2): 9.9 kB | 28/138 kBProgress (2): 9.9 kB | 32/138 kB                                Downloaded: http://repo1.maven.org/maven2/org/apache/maven/wagon/wagon-file/1.0-beta-2/wagon-file-1.0-beta-2.jar (9.9 kB at 91 kB/s)
Progress (1): 36/138 kBProgress (1): 40/138 kBProgress (1): 45/138 kBProgress (1): 49/138 kB                       Downloading: http://repo1.maven.org/maven2/org/apache/maven/wagon/wagon-ssh/1.0-beta-2/wagon-ssh-1.0-beta-2.jar
Progress (2): 49/138 kB | 4.1/13 kBProgress (2): 49/138 kB | 7.7/13 kBProgress (2): 49/138 kB | 12/13 kB Progress (2): 49/138 kB | 13 kB   Progress (2): 53/138 kB | 13 kBProgress (2): 57/138 kB | 13 kBProgress (2): 61/138 kB | 13 kBProgress (3): 61/138 kB | 13 kB | 4.1/25 kBProgress (3): 61/138 kB | 13 kB | 7.7/25 kBProgress (3): 61/138 kB | 13 kB | 12/25 kB Progress (3): 61/138 kB | 13 kB | 16/25 kBProgress (3): 61/138 kB | 13 kB | 20/25 kBProgress (3): 61/138 kB | 13 kB | 24/25 kBProgress (3): 61/138 kB | 13 kB | 25 kB   Progress (3): 65/138 kB | 13 kB | 25 kBProgress (3): 69/138 kB | 13 kB | 25 kBProgress (4): 69/138 kB | 13 kB | 25 kB | 4.1/24 kBProgress (4): 69/138 kB | 13 kB | 25 kB | 7.7/24 kBProgress (4): 69/138 kB | 13 kB | 25 kB | 12/24 kB Progress (4): 69/138 kB | 13 kB | 25 kB | 16/24 kBProgress (4): 69/138 kB | 13 kB | 25 kB | 20/24 kBProgress (4): 69/138 kB | 13 kB | 25 kB | 24 kB                                                  Downloaded: http://repo1.maven.org/maven2/org/apache/maven/wagon/wagon-ssh-external/1.0-beta-2/wagon-ssh-external-1.0-beta-2.jar (13 kB at 93 kB/s)
Progress (3): 73/138 kB | 25 kB | 24 kBProgress (3): 77/138 kB | 25 kB | 24 kBProgress (3): 81/138 kB | 25 kB | 24 kBProgress (3): 85/138 kB | 25 kB | 24 kBProgress (3): 90/138 kB | 25 kB | 24 kBProgress (3): 94/138 kB | 25 kB | 24 kBProgress (3): 98/138 kB | 25 kB | 24 kBProgress (3): 102/138 kB | 25 kB | 24 kBProgress (4): 102/138 kB | 25 kB | 24 kB | 4.1/124 kBProgress (4): 102/138 kB | 25 kB | 24 kB | 7.7/124 kBProgress (4): 102/138 kB | 25 kB | 24 kB | 12/124 kB Progress (4): 102/138 kB | 25 kB | 24 kB | 14/124 kB                                                    Downloaded: http://repo1.maven.org/maven2/org/apache/maven/wagon/wagon-ssh-common/1.0-beta-2/wagon-ssh-common-1.0-beta-2.jar (25 kB at 167 kB/s)
Downloaded: http://repo1.maven.org/maven2/org/apache/maven/wagon/wagon-ssh/1.0-beta-2/wagon-ssh-1.0-beta-2.jar (24 kB at 155 kB/s)
Progress (2): 106/138 kB | 14/124 kBProgress (2): 110/138 kB | 14/124 kBProgress (2): 110/138 kB | 18/124 kBProgress (2): 110/138 kB | 22/124 kBProgress (2): 110/138 kB | 26/124 kBProgress (2): 110/138 kB | 30/124 kBProgress (2): 110/138 kB | 34/124 kBProgress (2): 110/138 kB | 39/124 kBProgress (2): 110/138 kB | 43/124 kBProgress (2): 110/138 kB | 47/124 kBProgress (2): 114/138 kB | 47/124 kBProgress (2): 118/138 kB | 47/124 kBProgress (2): 122/138 kB | 47/124 kBProgress (2): 126/138 kB | 47/124 kBProgress (2): 131/138 kB | 47/124 kBProgress (2): 135/138 kB | 47/124 kBProgress (2): 138 kB | 47/124 kB    Progress (2): 138 kB | 51/124 kBProgress (2): 138 kB | 55/124 kBProgress (2): 138 kB | 59/124 kBProgress (2): 138 kB | 63/124 kBProgress (2): 138 kB | 67/124 kBProgress (2): 138 kB | 71/124 kBProgress (2): 138 kB | 75/124 kBProgress (2): 138 kB | 79/124 kBProgress (2): 138 kB | 84/124 kBProgress (2): 138 kB | 88/124 kBProgress (2): 138 kB | 92/124 kBProgress (2): 138 kB | 96/124 kB                                Downloaded: http://repo1.maven.org/maven2/jtidy/jtidy/4aug2000r7-dev/jtidy-4aug2000r7-dev.jar (138 kB at 729 kB/s)
Progress (1): 100/124 kBProgress (1): 104/124 kBProgress (1): 108/124 kBProgress (1): 112/124 kBProgress (1): 116/124 kBProgress (1): 120/124 kBProgress (1): 124 kB                        Downloaded: http://repo1.maven.org/maven2/org/apache/deltaspike/core/deltaspike-core-impl/1.5.0/deltaspike-core-impl-1.5.0.jar (124 kB at 421 kB/s)
[INFO] 
[8mha:////4NK5HW032uYpPQBABfv+KGcywHRcygNvzSr49p5IQPOWAAAAYB+LCAAAAAAAAP9b85aBtbiIQSmjNKU4P0+vJLE4u1gvPjexLDVPzxdEGvvmZ+X75ZekLlOVfvTjc8FPJgaGiiIGKaiG5Py84vycVD1nCA1SyAABjCCFBQCV27OjYAAAAA==[0m[INFO] --- maven-resources-plugin:2.6:resources (default-resources) @ camel-spring4 ---
[INFO] Using 'UTF-8' encoding to copy filtered resources.
[INFO] Copying 11 resources
[INFO] 
[8mha:////4NK5HW032uYpPQBABfv+KGcywHRcygNvzSr49p5IQPOWAAAAYB+LCAAAAAAAAP9b85aBtbiIQSmjNKU4P0+vJLE4u1gvPjexLDVPzxdEGvvmZ+X75ZekLlOVfvTjc8FPJgaGiiIGKaiG5Py84vycVD1nCA1SyAABjCCFBQCV27OjYAAAAA==[0m[INFO] --- jacoco-maven-plugin:0.7.2.201409121644:prepare-agent (jacoco-initialize) @ camel-spring4 ---
[INFO] argLine set to -javaagent:/home/jenkins/.m2/repository/org/jacoco/org.jacoco.agent/0.7.2.201409121644/org.jacoco.agent-0.7.2.201409121644-runtime.jar=destfile=/home/jenkins/workspace/Maven_Job-class1/target/jacoco.exec
[INFO] 
[8mha:////4NK5HW032uYpPQBABfv+KGcywHRcygNvzSr49p5IQPOWAAAAYB+LCAAAAAAAAP9b85aBtbiIQSmjNKU4P0+vJLE4u1gvPjexLDVPzxdEGvvmZ+X75ZekLlOVfvTjc8FPJgaGiiIGKaiG5Py84vycVD1nCA1SyAABjCCFBQCV27OjYAAAAA==[0m[INFO] --- maven-compiler-plugin:2.5.1:compile (default-compile) @ camel-spring4 ---
[INFO] Compiling 6 source files to /home/jenkins/workspace/Maven_Job-class1/target/classes
[INFO] ------------------------------------------------------------------------
[INFO] BUILD FAILURE
[INFO] ------------------------------------------------------------------------
[INFO] Total time: 6.373 s
[INFO] Finished at: 2019-03-07T14:32:54Z
[INFO] Final Memory: 18M/48M
[INFO] ------------------------------------------------------------------------
[8mha:////4Gmebb97mmdsngOdE17BEnR+X1N+64JpNnnzl0BnTwlJAAAAYB+LCAAAAAAAAP9b85aBtbiIQSmjNKU4P0+vJLE4u1gvPjexLDVPzxdEuhYV5Rf55ZekOlc7RKnPKH7IxMBQUcQgBdWQnJ9XnJ+TqucMoUEKGSCAEaSwAACsNFCqYAAAAA==[0m[ERROR] Failed to execute goal org.apache.maven.plugins:maven-compiler-plugin:2.5.1:compile (default-compile) on project camel-spring4: Fatal error compiling: tools.jar not found: /usr/lib/jvm/java-1.8.0-openjdk-1.8.0.191.b12-0.amzn2.x86_64/jre/../lib/tools.jar -> [Help 1]
[8mha:////4Gmebb97mmdsngOdE17BEnR+X1N+64JpNnnzl0BnTwlJAAAAYB+LCAAAAAAAAP9b85aBtbiIQSmjNKU4P0+vJLE4u1gvPjexLDVPzxdEuhYV5Rf55ZekOlc7RKnPKH7IxMBQUcQgBdWQnJ9XnJ+TqucMoUEKGSCAEaSwAACsNFCqYAAAAA==[0m[ERROR] 
[8mha:////4Gmebb97mmdsngOdE17BEnR+X1N+64JpNnnzl0BnTwlJAAAAYB+LCAAAAAAAAP9b85aBtbiIQSmjNKU4P0+vJLE4u1gvPjexLDVPzxdEuhYV5Rf55ZekOlc7RKnPKH7IxMBQUcQgBdWQnJ9XnJ+TqucMoUEKGSCAEaSwAACsNFCqYAAAAA==[0m[ERROR] To see the full stack trace of the errors, re-run Maven with the -e switch.
[8mha:////4Gmebb97mmdsngOdE17BEnR+X1N+64JpNnnzl0BnTwlJAAAAYB+LCAAAAAAAAP9b85aBtbiIQSmjNKU4P0+vJLE4u1gvPjexLDVPzxdEuhYV5Rf55ZekOlc7RKnPKH7IxMBQUcQgBdWQnJ9XnJ+TqucMoUEKGSCAEaSwAACsNFCqYAAAAA==[0m[ERROR] Re-run Maven using the -X switch to enable full debug logging.
[8mha:////4Gmebb97mmdsngOdE17BEnR+X1N+64JpNnnzl0BnTwlJAAAAYB+LCAAAAAAAAP9b85aBtbiIQSmjNKU4P0+vJLE4u1gvPjexLDVPzxdEuhYV5Rf55ZekOlc7RKnPKH7IxMBQUcQgBdWQnJ9XnJ+TqucMoUEKGSCAEaSwAACsNFCqYAAAAA==[0m[ERROR] 
[8mha:////4Gmebb97mmdsngOdE17BEnR+X1N+64JpNnnzl0BnTwlJAAAAYB+LCAAAAAAAAP9b85aBtbiIQSmjNKU4P0+vJLE4u1gvPjexLDVPzxdEuhYV5Rf55ZekOlc7RKnPKH7IxMBQUcQgBdWQnJ9XnJ+TqucMoUEKGSCAEaSwAACsNFCqYAAAAA==[0m[ERROR] For more information about the errors and possible solutions, please read the following articles:
[8mha:////4Gmebb97mmdsngOdE17BEnR+X1N+64JpNnnzl0BnTwlJAAAAYB+LCAAAAAAAAP9b85aBtbiIQSmjNKU4P0+vJLE4u1gvPjexLDVPzxdEuhYV5Rf55ZekOlc7RKnPKH7IxMBQUcQgBdWQnJ9XnJ+TqucMoUEKGSCAEaSwAACsNFCqYAAAAA==[0m[ERROR] [Help 1] http://cwiki.apache.org/confluence/display/MAVEN/MojoExecutionException
Build step 'Invoke top-level Maven targets' marked build as failure
Started calculate disk usage of build
Finished Calculation of disk usage of build in 0 seconds
Started calculate disk usage of workspace
Finished Calculation of disk usage of workspace in 0 seconds
Finished: FAILURE
