Started by user [8mha:////4Fk1k7e+48rHXUzmlNpYSU0RU1syiePVtwyB//KweiJrAAAAmR+LCAAAAAAAAP9b85aBtbiIQTGjNKU4P08vOT+vOD8nVc83PyU1x6OyILUoJzMv2y+/JJUBAhiZGBgqihhk0NSjKDWzXb3RdlLBUSYGJk8GtpzUvPSSDB8G5tKinBIGIZ+sxLJE/ZzEvHT94JKizLx0a6BxUmjGOUNodHsLgAz2EgZe/dLi1CL9rNS87My8YgDGtiJjwgAAAA==[0mjenkins
[EnvInject] - Loading node environment variables.
Unable to auto-install JDK until the license is accepted.
Building remotely on [8mha:////4BL2z4AOJFdMr/O5k/XvJ6w87pkkJPmY09IaxWRBu/ZGAAAAnx+LCAAAAAAAAP9b85aBtbiIQTGjNKU4P08vOT+vOD8nVc83PyU1x6OyILUoJzMv2y+/JJUBAhiZGBgqihhk0NSjKDWzXb3RdlLBUSYGJk8GtpzUvPSSDB8G5tKinBIGIZ+sxLJE/ZzEvHT94JKizLx0a6BxUmjGOUNodHsLgAyuEgYR/eT83ILSktQi/eKcxLLUPKBjDQGWHaLlyQAAAA==[0mslavenode1 (myslavenode) in workspace /home/jenkins/workspace/CIDDeployPipeline1
Unable to auto-install JDK until the license is accepted.
Unable to auto-install JDK until the license is accepted.
Cloning the remote Git repository
Cloning repository https://github.com/KS-Organization/game-of-life.git
 > git init /home/jenkins/workspace/CIDDeployPipeline1 # timeout=10
Fetching upstream changes from https://github.com/KS-Organization/game-of-life.git
 > git --version # timeout=10
 > git fetch --tags --progress https://github.com/KS-Organization/game-of-life.git +refs/heads/*:refs/remotes/origin/*
 > git config remote.origin.url https://github.com/KS-Organization/game-of-life.git # timeout=10
 > git config --add remote.origin.fetch +refs/heads/*:refs/remotes/origin/* # timeout=10
 > git config remote.origin.url https://github.com/KS-Organization/game-of-life.git # timeout=10
Fetching upstream changes from https://github.com/KS-Organization/game-of-life.git
 > git fetch --tags --progress https://github.com/KS-Organization/game-of-life.git +refs/heads/*:refs/remotes/origin/*
 > git rev-parse refs/remotes/origin/master^{commit} # timeout=10
 > git rev-parse refs/remotes/origin/origin/master^{commit} # timeout=10
Unable to auto-install JDK until the license is accepted.
Checking out Revision c24bb1ae41bfd5980ce9f0aa8b9a636b920c71fd (refs/remotes/origin/master)
 > git config core.sparsecheckout # timeout=10
 > git checkout -f c24bb1ae41bfd5980ce9f0aa8b9a636b920c71fd
Commit message: "Merge pull request #198 from GeraldScott/master"
First time build. Skipping changelog.
Unable to auto-install JDK until the license is accepted.
[CIDDeployPipeline1] $ mvn compile
FATAL: command execution failed
java.io.IOException: error=2, No such file or directory
	at java.lang.UNIXProcess.forkAndExec(Native Method)
	at java.lang.UNIXProcess.<init>(UNIXProcess.java:247)
	at java.lang.ProcessImpl.start(ProcessImpl.java:134)
	at java.lang.ProcessBuilder.start(ProcessBuilder.java:1029)
Also:   hudson.remoting.Channel$CallSiteStackTrace: Remote call to slavenode1
		at hudson.remoting.Channel.attachCallSiteStackTrace(Channel.java:1741)
		at hudson.remoting.UserRequest$ExceptionResponse.retrieve(UserRequest.java:357)
		at hudson.remoting.Channel.call(Channel.java:955)
		at hudson.Launcher$RemoteLauncher.launch(Launcher.java:1059)
		at hudson.Launcher$ProcStarter.start(Launcher.java:455)
		at hudson.Launcher$ProcStarter.join(Launcher.java:466)
		at hudson.tasks.Maven.perform(Maven.java:368)
		at hudson.tasks.BuildStepMonitor$1.perform(BuildStepMonitor.java:20)
		at hudson.model.AbstractBuild$AbstractBuildExecution.perform(AbstractBuild.java:744)
		at hudson.model.Build$BuildExecution.build(Build.java:206)
		at hudson.model.Build$BuildExecution.doRun(Build.java:163)
		at hudson.model.AbstractBuild$AbstractBuildExecution.run(AbstractBuild.java:504)
		at hudson.model.Run.execute(Run.java:1810)
		at hudson.model.FreeStyleBuild.run(FreeStyleBuild.java:43)
		at hudson.model.ResourceController.execute(ResourceController.java:97)
		at hudson.model.Executor.run(Executor.java:429)
Caused: java.io.IOException: Cannot run program "mvn" (in directory "/home/jenkins/workspace/CIDDeployPipeline1"): error=2, No such file or directory
	at java.lang.ProcessBuilder.start(ProcessBuilder.java:1048)
	at hudson.Proc$LocalProc.<init>(Proc.java:249)
	at hudson.Proc$LocalProc.<init>(Proc.java:218)
	at hudson.Launcher$LocalLauncher.launch(Launcher.java:936)
	at hudson.Launcher$ProcStarter.start(Launcher.java:455)
	at hudson.Launcher$RemoteLaunchCallable.call(Launcher.java:1313)
	at hudson.Launcher$RemoteLaunchCallable.call(Launcher.java:1266)
	at hudson.remoting.UserRequest.perform(UserRequest.java:212)
	at hudson.remoting.UserRequest.perform(UserRequest.java:54)
	at hudson.remoting.Request$2.run(Request.java:369)
	at hudson.remoting.InterceptingExecutorService$1.call(InterceptingExecutorService.java:72)
	at java.util.concurrent.FutureTask.run(FutureTask.java:266)
	at java.util.concurrent.ThreadPoolExecutor.runWorker(ThreadPoolExecutor.java:1149)
	at java.util.concurrent.ThreadPoolExecutor$Worker.run(ThreadPoolExecutor.java:624)
	at java.lang.Thread.run(Thread.java:748)
Build step 'Invoke top-level Maven targets' marked build as failure
Recording test results
Unable to auto-install JDK until the license is accepted.
ERROR: Step â€˜Publish JUnit test result reportâ€™ failed: No test report files were found. Configuration error?
Unable to auto-install JDK until the license is accepted.
Finished: FAILURE
