Started by user [8mha:////4Fk1k7e+48rHXUzmlNpYSU0RU1syiePVtwyB//KweiJrAAAAmR+LCAAAAAAAAP9b85aBtbiIQTGjNKU4P08vOT+vOD8nVc83PyU1x6OyILUoJzMv2y+/JJUBAhiZGBgqihhk0NSjKDWzXb3RdlLBUSYGJk8GtpzUvPSSDB8G5tKinBIGIZ+sxLJE/ZzEvHT94JKizLx0a6BxUmjGOUNodHsLgAz2EgZe/dLi1CL9rNS87My8YgDGtiJjwgAAAA==[0mjenkins
[EnvInject] - Loading node environment variables.
Building on master in workspace /var/lib/jenkins/workspace/Gtihub_LocalMaven
 > git rev-parse --is-inside-work-tree # timeout=10
Fetching changes from the remote Git repository
 > git config remote.origin.url https://github.com/KS-Organization/simple-restful-file-storage.git # timeout=10
Fetching upstream changes from https://github.com/KS-Organization/simple-restful-file-storage.git
 > git --version # timeout=10
 > git fetch --tags --progress https://github.com/KS-Organization/simple-restful-file-storage.git +refs/heads/*:refs/remotes/origin/*
 > git rev-parse refs/remotes/origin/master^{commit} # timeout=10
 > git rev-parse refs/remotes/origin/origin/master^{commit} # timeout=10
Checking out Revision af0520da97377521ee2befb008bfef967720a102 (refs/remotes/origin/master)
 > git config core.sparsecheckout # timeout=10
 > git checkout -f af0520da97377521ee2befb008bfef967720a102
Commit message: "Merge branch 'development'"
 > git rev-list --no-walk af0520da97377521ee2befb008bfef967720a102 # timeout=10
[Gtihub_LocalMaven] $ mvn compile package
[INFO] Scanning for projects...
[INFO] 
[INFO] ------------------------------------------------------------------------
[INFO] Building Velocity Temple 0.0.1-SNAPSHOT
[INFO] ------------------------------------------------------------------------
[8mha:////4B9hiNTi7UKoGwe6I08zfcchzFvqwNxs8N4lFpG4HptVAAAAYx+LCAAAAAAAAP9b85aBtbiIQSWjNKU4P0+vJLE4u1gvPjexLDVPzxdEhicW5WXmpfvll6S2fNly5fzGzauYGBgqihikoFqS8/OK83NS9ZwhNEghAwQwghQWAACwxA+XYgAAAA==[0m[WARNING] The POM for com.sun.xml.bind:jaxb-core:jar:2.2.11 is invalid, transitive dependencies (if any) will not be available, enable debug logging for more details
[8mha:////4B9hiNTi7UKoGwe6I08zfcchzFvqwNxs8N4lFpG4HptVAAAAYx+LCAAAAAAAAP9b85aBtbiIQSWjNKU4P0+vJLE4u1gvPjexLDVPzxdEhicW5WXmpfvll6S2fNly5fzGzauYGBgqihikoFqS8/OK83NS9ZwhNEghAwQwghQWAACwxA+XYgAAAA==[0m[WARNING] The POM for com.sun.xml.bind:jaxb-impl:jar:2.2.11 is invalid, transitive dependencies (if any) will not be available, enable debug logging for more details
Downloading from release.fusesource.org: http://repo.fusesource.com/nexus/content/repositories/releases/org/apache/camel/camel-test-spring/2.16.0/camel-test-spring-2.16.0.jar
Downloading from release.fusesource.org: http://repo.fusesource.com/nexus/content/repositories/releases/org/springframework/spring-test/4.1.6.RELEASE/spring-test-4.1.6.RELEASE.jar
Downloading from release.fusesource.org: http://repo.fusesource.com/nexus/content/repositories/releases/org/apache/deltaspike/core/deltaspike-core-impl/1.5.0/deltaspike-core-impl-1.5.0.jar
Downloading from release.fusesource.org: http://repo.fusesource.com/nexus/content/repositories/releases/org/apache/maven/wagon/wagon-file/1.0-beta-2/wagon-file-1.0-beta-2.jar
Downloading from release.fusesource.org: http://repo.fusesource.com/nexus/content/repositories/releases/org/apache/maven/wagon/wagon-http-lightweight/1.0-beta-2/wagon-http-lightweight-1.0-beta-2.jar
Downloading from release.fusesource.org: http://repo.fusesource.com/nexus/content/repositories/releases/org/apache/maven/wagon/wagon-http-shared/1.0-beta-2/wagon-http-shared-1.0-beta-2.jar
Downloading from release.fusesource.org: http://repo.fusesource.com/nexus/content/repositories/releases/jtidy/jtidy/4aug2000r7-dev/jtidy-4aug2000r7-dev.jar
Downloading from release.fusesource.org: http://repo.fusesource.com/nexus/content/repositories/releases/org/apache/maven/wagon/wagon-ssh-external/1.0-beta-2/wagon-ssh-external-1.0-beta-2.jar
Downloading from release.fusesource.org: http://repo.fusesource.com/nexus/content/repositories/releases/org/apache/maven/wagon/wagon-ssh-common/1.0-beta-2/wagon-ssh-common-1.0-beta-2.jar
Downloading from release.fusesource.org: http://repo.fusesource.com/nexus/content/repositories/releases/org/apache/maven/wagon/wagon-ssh/1.0-beta-2/wagon-ssh-1.0-beta-2.jar
Downloading from ea.fusesource.org: http://repo.fusesource.com/nexus/content/groups/ea/org/apache/camel/camel-test-spring/2.16.0/camel-test-spring-2.16.0.jar
Downloading from ea.fusesource.org: http://repo.fusesource.com/nexus/content/groups/ea/org/springframework/spring-test/4.1.6.RELEASE/spring-test-4.1.6.RELEASE.jar
Downloading from ea.fusesource.org: http://repo.fusesource.com/nexus/content/groups/ea/org/apache/deltaspike/core/deltaspike-core-impl/1.5.0/deltaspike-core-impl-1.5.0.jar
Downloading from ea.fusesource.org: http://repo.fusesource.com/nexus/content/groups/ea/org/apache/maven/wagon/wagon-file/1.0-beta-2/wagon-file-1.0-beta-2.jar
Downloading from ea.fusesource.org: http://repo.fusesource.com/nexus/content/groups/ea/org/apache/maven/wagon/wagon-http-lightweight/1.0-beta-2/wagon-http-lightweight-1.0-beta-2.jar
Downloading from ea.fusesource.org: http://repo.fusesource.com/nexus/content/groups/ea/org/apache/maven/wagon/wagon-http-shared/1.0-beta-2/wagon-http-shared-1.0-beta-2.jar
Downloading from ea.fusesource.org: http://repo.fusesource.com/nexus/content/groups/ea/jtidy/jtidy/4aug2000r7-dev/jtidy-4aug2000r7-dev.jar
Downloading from ea.fusesource.org: http://repo.fusesource.com/nexus/content/groups/ea/org/apache/maven/wagon/wagon-ssh-external/1.0-beta-2/wagon-ssh-external-1.0-beta-2.jar
Downloading from ea.fusesource.org: http://repo.fusesource.com/nexus/content/groups/ea/org/apache/maven/wagon/wagon-ssh-common/1.0-beta-2/wagon-ssh-common-1.0-beta-2.jar
Downloading from ea.fusesource.org: http://repo.fusesource.com/nexus/content/groups/ea/org/apache/maven/wagon/wagon-ssh/1.0-beta-2/wagon-ssh-1.0-beta-2.jar
Downloading from repo1.maven.org: http://repo1.maven.org/maven2/org/apache/camel/camel-test-spring/2.16.0/camel-test-spring-2.16.0.jar
Downloading from repo1.maven.org: http://repo1.maven.org/maven2/org/springframework/spring-test/4.1.6.RELEASE/spring-test-4.1.6.RELEASE.jar
Downloading from repo1.maven.org: http://repo1.maven.org/maven2/org/apache/deltaspike/core/deltaspike-core-impl/1.5.0/deltaspike-core-impl-1.5.0.jar
Downloading from repo1.maven.org: http://repo1.maven.org/maven2/org/apache/maven/wagon/wagon-file/1.0-beta-2/wagon-file-1.0-beta-2.jar
Downloading from repo1.maven.org: http://repo1.maven.org/maven2/org/apache/maven/wagon/wagon-http-lightweight/1.0-beta-2/wagon-http-lightweight-1.0-beta-2.jar
Progress (1): 0.9/503 kBProgress (2): 0.9/503 kB | 2.4/54 kBProgress (3): 0.9/503 kB | 2.4/54 kB | 4.1/12 kBProgress (3): 0.9/503 kB | 2.4/54 kB | 7.7/12 kBProgress (4): 0.9/503 kB | 2.4/54 kB | 7.7/12 kB | 4.1/9.9 kBProgress (4): 0.9/503 kB | 2.4/54 kB | 7.7/12 kB | 7.7/9.9 kBProgress (4): 0.9/503 kB | 6.5/54 kB | 7.7/12 kB | 7.7/9.9 kBProgress (4): 0.9/503 kB | 11/54 kB | 7.7/12 kB | 7.7/9.9 kB Progress (4): 0.9/503 kB | 11/54 kB | 7.7/12 kB | 9.9 kB    Progress (4): 0.9/503 kB | 11/54 kB | 12/12 kB | 9.9 kB Progress (4): 0.9/503 kB | 11/54 kB | 12 kB | 9.9 kB   Progress (4): 0.9/503 kB | 15/54 kB | 12 kB | 9.9 kBProgress (4): 0.9/503 kB | 19/54 kB | 12 kB | 9.9 kBProgress (4): 5.0/503 kB | 19/54 kB | 12 kB | 9.9 kBProgress (4): 9.1/503 kB | 19/54 kB | 12 kB | 9.9 kBProgress (4): 13/503 kB | 19/54 kB | 12 kB | 9.9 kB Progress (4): 17/503 kB | 19/54 kB | 12 kB | 9.9 kBProgress (4): 21/503 kB | 19/54 kB | 12 kB | 9.9 kBProgress (4): 21/503 kB | 23/54 kB | 12 kB | 9.9 kBProgress (4): 21/503 kB | 27/54 kB | 12 kB | 9.9 kB                                                   Downloaded from repo1.maven.org: http://repo1.maven.org/maven2/org/apache/maven/wagon/wagon-http-lightweight/1.0-beta-2/wagon-http-lightweight-1.0-beta-2.jar (12 kB at 137 kB/s)
Downloading from repo1.maven.org: http://repo1.maven.org/maven2/org/apache/maven/wagon/wagon-http-shared/1.0-beta-2/wagon-http-shared-1.0-beta-2.jar
Downloaded from repo1.maven.org: http://repo1.maven.org/maven2/org/apache/maven/wagon/wagon-file/1.0-beta-2/wagon-file-1.0-beta-2.jar (9.9 kB at 105 kB/s)
Downloading from repo1.maven.org: http://repo1.maven.org/maven2/jtidy/jtidy/4aug2000r7-dev/jtidy-4aug2000r7-dev.jar
Progress (2): 21/503 kB | 31/54 kBProgress (2): 21/503 kB | 35/54 kBProgress (2): 21/503 kB | 39/54 kBProgress (2): 21/503 kB | 43/54 kBProgress (2): 21/503 kB | 47/54 kBProgress (2): 25/503 kB | 47/54 kBProgress (2): 30/503 kB | 47/54 kBProgress (3): 30/503 kB | 47/54 kB | 0.9/9.6 kBProgress (3): 30/503 kB | 47/54 kB | 5.0/9.6 kBProgress (3): 30/503 kB | 47/54 kB | 9.1/9.6 kBProgress (3): 30/503 kB | 47/54 kB | 9.6 kB    Progress (3): 34/503 kB | 47/54 kB | 9.6 kBProgress (3): 38/503 kB | 47/54 kB | 9.6 kBProgress (3): 42/503 kB | 47/54 kB | 9.6 kBProgress (3): 46/503 kB | 47/54 kB | 9.6 kBProgress (3): 50/503 kB | 47/54 kB | 9.6 kBProgress (3): 54/503 kB | 47/54 kB | 9.6 kBProgress (3): 54/503 kB | 52/54 kB | 9.6 kBProgress (4): 54/503 kB | 52/54 kB | 9.6 kB | 2.4/138 kBProgress (4): 54/503 kB | 52/54 kB | 9.6 kB | 6.5/138 kBProgress (4): 54/503 kB | 52/54 kB | 9.6 kB | 11/138 kB Progress (4): 54/503 kB | 52/54 kB | 9.6 kB | 15/138 kBProgress (4): 54/503 kB | 52/54 kB | 9.6 kB | 19/138 kB                                                       Downloaded from repo1.maven.org: http://repo1.maven.org/maven2/org/apache/maven/wagon/wagon-http-shared/1.0-beta-2/wagon-http-shared-1.0-beta-2.jar (9.6 kB at 87 kB/s)
Progress (3): 54/503 kB | 54 kB | 19/138 kB                                           Downloading from repo1.maven.org: http://repo1.maven.org/maven2/org/apache/maven/wagon/wagon-ssh-external/1.0-beta-2/wagon-ssh-external-1.0-beta-2.jar
Progress (3): 54/503 kB | 54 kB | 23/138 kBProgress (3): 54/503 kB | 54 kB | 27/138 kBProgress (3): 54/503 kB | 54 kB | 31/138 kBProgress (3): 54/503 kB | 54 kB | 35/138 kBProgress (3): 58/503 kB | 54 kB | 35/138 kBProgress (3): 62/503 kB | 54 kB | 35/138 kBProgress (3): 66/503 kB | 54 kB | 35/138 kBProgress (3): 71/503 kB | 54 kB | 35/138 kBProgress (3): 75/503 kB | 54 kB | 35/138 kBProgress (3): 79/503 kB | 54 kB | 35/138 kBProgress (3): 83/503 kB | 54 kB | 35/138 kB                                           Downloaded from repo1.maven.org: http://repo1.maven.org/maven2/org/apache/camel/camel-test-spring/2.16.0/camel-test-spring-2.16.0.jar (54 kB at 391 kB/s)
Downloading from repo1.maven.org: http://repo1.maven.org/maven2/org/apache/maven/wagon/wagon-ssh-common/1.0-beta-2/wagon-ssh-common-1.0-beta-2.jar
Progress (2): 87/503 kB | 35/138 kBProgress (2): 87/503 kB | 39/138 kBProgress (3): 87/503 kB | 39/138 kB | 4.1/13 kBProgress (3): 87/503 kB | 39/138 kB | 8.2/13 kBProgress (3): 87/503 kB | 39/138 kB | 12/13 kB Progress (4): 87/503 kB | 39/138 kB | 12/13 kB | 0.9/124 kBProgress (4): 87/503 kB | 39/138 kB | 12/13 kB | 5.0/124 kBProgress (4): 87/503 kB | 39/138 kB | 12/13 kB | 9.1/124 kBProgress (4): 87/503 kB | 39/138 kB | 12/13 kB | 13/124 kB Progress (4): 87/503 kB | 39/138 kB | 12/13 kB | 17/124 kBProgress (4): 87/503 kB | 39/138 kB | 12/13 kB | 21/124 kBProgress (4): 87/503 kB | 39/138 kB | 12/13 kB | 25/124 kBProgress (4): 87/503 kB | 43/138 kB | 12/13 kB | 25/124 kBProgress (4): 87/503 kB | 47/138 kB | 12/13 kB | 25/124 kBProgress (4): 87/503 kB | 52/138 kB | 12/13 kB | 25/124 kBProgress (4): 87/503 kB | 52/138 kB | 13 kB | 25/124 kB   Progress (5): 87/503 kB | 52/138 kB | 13 kB | 25/124 kB | 4.1/25 kBProgress (5): 87/503 kB | 52/138 kB | 13 kB | 25/124 kB | 7.7/25 kBProgress (5): 87/503 kB | 52/138 kB | 13 kB | 25/124 kB | 12/25 kB Progress (5): 87/503 kB | 52/138 kB | 13 kB | 25/124 kB | 16/25 kBProgress (5): 87/503 kB | 52/138 kB | 13 kB | 30/124 kB | 16/25 kBProgress (5): 87/503 kB | 56/138 kB | 13 kB | 30/124 kB | 16/25 kBProgress (5): 87/503 kB | 60/138 kB | 13 kB | 30/124 kB | 16/25 kBProgress (5): 87/503 kB | 64/138 kB | 13 kB | 30/124 kB | 16/25 kBProgress (5): 91/503 kB | 64/138 kB | 13 kB | 30/124 kB | 16/25 kBProgress (5): 95/503 kB | 64/138 kB | 13 kB | 30/124 kB | 16/25 kBProgress (5): 99/503 kB | 64/138 kB | 13 kB | 30/124 kB | 16/25 kBProgress (5): 103/503 kB | 64/138 kB | 13 kB | 30/124 kB | 16/25 kBProgress (5): 107/503 kB | 64/138 kB | 13 kB | 30/124 kB | 16/25 kBProgress (5): 112/503 kB | 64/138 kB | 13 kB | 30/124 kB | 16/25 kBProgress (5): 116/503 kB | 64/138 kB | 13 kB | 30/124 kB | 16/25 kBProgress (5): 120/503 kB | 64/138 kB | 13 kB | 30/124 kB | 16/25 kBProgress (5): 124/503 kB | 64/138 kB | 13 kB | 30/124 kB | 16/25 kBProgress (5): 124/503 kB | 68/138 kB | 13 kB | 30/124 kB | 16/25 kBProgress (5): 124/503 kB | 72/138 kB | 13 kB | 30/124 kB | 16/25 kBProgress (5): 124/503 kB | 76/138 kB | 13 kB | 30/124 kB | 16/25 kBProgress (5): 124/503 kB | 80/138 kB | 13 kB | 30/124 kB | 16/25 kBProgress (5): 124/503 kB | 84/138 kB | 13 kB | 30/124 kB | 16/25 kBProgress (5): 124/503 kB | 88/138 kB | 13 kB | 30/124 kB | 16/25 kBProgress (5): 124/503 kB | 88/138 kB | 13 kB | 30/124 kB | 20/25 kBProgress (5): 124/503 kB | 88/138 kB | 13 kB | 30/124 kB | 24/25 kBProgress (5): 124/503 kB | 88/138 kB | 13 kB | 30/124 kB | 25 kB   Progress (5): 124/503 kB | 88/138 kB | 13 kB | 34/124 kB | 25 kBProgress (5): 124/503 kB | 88/138 kB | 13 kB | 38/124 kB | 25 kBProgress (5): 124/503 kB | 88/138 kB | 13 kB | 42/124 kB | 25 kBProgress (5): 124/503 kB | 88/138 kB | 13 kB | 46/124 kB | 25 kBProgress (5): 124/503 kB | 88/138 kB | 13 kB | 50/124 kB | 25 kBProgress (5): 124/503 kB | 88/138 kB | 13 kB | 54/124 kB | 25 kBProgress (5): 124/503 kB | 88/138 kB | 13 kB | 58/124 kB | 25 kBProgress (5): 124/503 kB | 88/138 kB | 13 kB | 62/124 kB | 25 kBProgress (5): 124/503 kB | 88/138 kB | 13 kB | 66/124 kB | 25 kB                                                                Downloaded from repo1.maven.org: http://repo1.maven.org/maven2/org/apache/maven/wagon/wagon-ssh-external/1.0-beta-2/wagon-ssh-external-1.0-beta-2.jar (13 kB at 73 kB/s)
Downloading from repo1.maven.org: http://repo1.maven.org/maven2/org/apache/maven/wagon/wagon-ssh/1.0-beta-2/wagon-ssh-1.0-beta-2.jar
Progress (4): 124/503 kB | 92/138 kB | 66/124 kB | 25 kBProgress (4): 124/503 kB | 97/138 kB | 66/124 kB | 25 kBProgress (4): 128/503 kB | 97/138 kB | 66/124 kB | 25 kBProgress (4): 132/503 kB | 97/138 kB | 66/124 kB | 25 kBProgress (4): 136/503 kB | 97/138 kB | 66/124 kB | 25 kBProgress (4): 140/503 kB | 97/138 kB | 66/124 kB | 25 kBProgress (4): 144/503 kB | 97/138 kB | 66/124 kB | 25 kBProgress (4): 144/503 kB | 101/138 kB | 66/124 kB | 25 kB                                                         Downloaded from repo1.maven.org: http://repo1.maven.org/maven2/org/apache/maven/wagon/wagon-ssh-common/1.0-beta-2/wagon-ssh-common-1.0-beta-2.jar (25 kB at 136 kB/s)
Progress (4): 144/503 kB | 101/138 kB | 66/124 kB | 0.9/24 kBProgress (4): 144/503 kB | 101/138 kB | 66/124 kB | 5.0/24 kBProgress (4): 144/503 kB | 101/138 kB | 66/124 kB | 9.1/24 kBProgress (4): 144/503 kB | 101/138 kB | 66/124 kB | 13/24 kB Progress (4): 144/503 kB | 101/138 kB | 71/124 kB | 13/24 kBProgress (4): 144/503 kB | 101/138 kB | 75/124 kB | 13/24 kBProgress (4): 144/503 kB | 101/138 kB | 79/124 kB | 13/24 kBProgress (4): 144/503 kB | 101/138 kB | 83/124 kB | 13/24 kBProgress (4): 144/503 kB | 105/138 kB | 83/124 kB | 13/24 kBProgress (4): 144/503 kB | 109/138 kB | 83/124 kB | 13/24 kBProgress (4): 144/503 kB | 113/138 kB | 83/124 kB | 13/24 kBProgress (4): 144/503 kB | 117/138 kB | 83/124 kB | 13/24 kBProgress (4): 144/503 kB | 121/138 kB | 83/124 kB | 13/24 kBProgress (4): 144/503 kB | 125/138 kB | 83/124 kB | 13/24 kBProgress (4): 148/503 kB | 125/138 kB | 83/124 kB | 13/24 kBProgress (4): 148/503 kB | 125/138 kB | 83/124 kB | 17/24 kBProgress (4): 148/503 kB | 125/138 kB | 83/124 kB | 21/24 kBProgress (4): 148/503 kB | 125/138 kB | 83/124 kB | 24 kB   Progress (4): 152/503 kB | 125/138 kB | 83/124 kB | 24 kBProgress (4): 157/503 kB | 125/138 kB | 83/124 kB | 24 kBProgress (4): 161/503 kB | 125/138 kB | 83/124 kB | 24 kBProgress (4): 165/503 kB | 125/138 kB | 83/124 kB | 24 kBProgress (4): 165/503 kB | 125/138 kB | 87/124 kB | 24 kBProgress (4): 165/503 kB | 125/138 kB | 91/124 kB | 24 kBProgress (4): 165/503 kB | 125/138 kB | 95/124 kB | 24 kBProgress (4): 165/503 kB | 125/138 kB | 99/124 kB | 24 kBProgress (4): 165/503 kB | 125/138 kB | 103/124 kB | 24 kBProgress (4): 165/503 kB | 125/138 kB | 107/124 kB | 24 kBProgress (4): 165/503 kB | 129/138 kB | 107/124 kB | 24 kBProgress (4): 165/503 kB | 133/138 kB | 107/124 kB | 24 kBProgress (4): 169/503 kB | 133/138 kB | 107/124 kB | 24 kBProgress (4): 173/503 kB | 133/138 kB | 107/124 kB | 24 kBProgress (4): 177/503 kB | 133/138 kB | 107/124 kB | 24 kBProgress (4): 181/503 kB | 133/138 kB | 107/124 kB | 24 kBProgress (4): 181/503 kB | 138/138 kB | 107/124 kB | 24 kBProgress (4): 181/503 kB | 138 kB | 107/124 kB | 24 kB    Progress (4): 181/503 kB | 138 kB | 112/124 kB | 24 kBProgress (4): 181/503 kB | 138 kB | 116/124 kB | 24 kB                                                      Downloaded from repo1.maven.org: http://repo1.maven.org/maven2/org/apache/maven/wagon/wagon-ssh/1.0-beta-2/wagon-ssh-1.0-beta-2.jar (24 kB at 110 kB/s)
Progress (3): 181/503 kB | 138 kB | 120/124 kBProgress (3): 181/503 kB | 138 kB | 124/124 kBProgress (3): 181/503 kB | 138 kB | 124 kB    Progress (3): 185/503 kB | 138 kB | 124 kBProgress (3): 189/503 kB | 138 kB | 124 kBProgress (3): 193/503 kB | 138 kB | 124 kBProgress (3): 198/503 kB | 138 kB | 124 kBProgress (3): 202/503 kB | 138 kB | 124 kBProgress (3): 206/503 kB | 138 kB | 124 kBProgress (3): 210/503 kB | 138 kB | 124 kBProgress (3): 214/503 kB | 138 kB | 124 kBProgress (3): 218/503 kB | 138 kB | 124 kBProgress (3): 222/503 kB | 138 kB | 124 kBProgress (3): 226/503 kB | 138 kB | 124 kB                                          Downloaded from repo1.maven.org: http://repo1.maven.org/maven2/jtidy/jtidy/4aug2000r7-dev/jtidy-4aug2000r7-dev.jar (138 kB at 618 kB/s)
Downloaded from repo1.maven.org: http://repo1.maven.org/maven2/org/apache/deltaspike/core/deltaspike-core-impl/1.5.0/deltaspike-core-impl-1.5.0.jar (124 kB at 541 kB/s)
Progress (1): 230/503 kBProgress (1): 234/503 kBProgress (1): 238/503 kBProgress (1): 243/503 kBProgress (1): 247/503 kBProgress (1): 251/503 kBProgress (1): 255/503 kBProgress (1): 259/503 kBProgress (1): 263/503 kBProgress (1): 267/503 kBProgress (1): 271/503 kBProgress (1): 275/503 kBProgress (1): 279/503 kBProgress (1): 284/503 kBProgress (1): 288/503 kBProgress (1): 292/503 kBProgress (1): 296/503 kBProgress (1): 300/503 kBProgress (1): 304/503 kBProgress (1): 308/503 kBProgress (1): 312/503 kBProgress (1): 316/503 kBProgress (1): 320/503 kBProgress (1): 324/503 kBProgress (1): 329/503 kBProgress (1): 333/503 kBProgress (1): 337/503 kBProgress (1): 341/503 kBProgress (1): 345/503 kBProgress (1): 349/503 kBProgress (1): 353/503 kBProgress (1): 357/503 kBProgress (1): 361/503 kBProgress (1): 365/503 kBProgress (1): 370/503 kBProgress (1): 374/503 kBProgress (1): 378/503 kBProgress (1): 382/503 kBProgress (1): 386/503 kBProgress (1): 390/503 kBProgress (1): 394/503 kBProgress (1): 398/503 kBProgress (1): 402/503 kBProgress (1): 406/503 kBProgress (1): 411/503 kBProgress (1): 415/503 kBProgress (1): 419/503 kBProgress (1): 423/503 kBProgress (1): 427/503 kBProgress (1): 431/503 kBProgress (1): 435/503 kBProgress (1): 439/503 kBProgress (1): 443/503 kBProgress (1): 447/503 kBProgress (1): 451/503 kBProgress (1): 456/503 kBProgress (1): 460/503 kBProgress (1): 464/503 kBProgress (1): 468/503 kBProgress (1): 472/503 kBProgress (1): 476/503 kBProgress (1): 480/503 kBProgress (1): 484/503 kBProgress (1): 488/503 kBProgress (1): 492/503 kBProgress (1): 497/503 kBProgress (1): 501/503 kBProgress (1): 503 kB                        Downloaded from repo1.maven.org: http://repo1.maven.org/maven2/org/springframework/spring-test/4.1.6.RELEASE/spring-test-4.1.6.RELEASE.jar (503 kB at 1.7 MB/s)
[INFO] 
[8mha:////4NK5HW032uYpPQBABfv+KGcywHRcygNvzSr49p5IQPOWAAAAYB+LCAAAAAAAAP9b85aBtbiIQSmjNKU4P0+vJLE4u1gvPjexLDVPzxdEGvvmZ+X75ZekLlOVfvTjc8FPJgaGiiIGKaiG5Py84vycVD1nCA1SyAABjCCFBQCV27OjYAAAAA==[0m[INFO] --- maven-resources-plugin:2.6:resources (default-resources) @ camel-spring4 ---
[INFO] Using 'UTF-8' encoding to copy filtered resources.
[INFO] Copying 11 resources
[INFO] 
[8mha:////4NK5HW032uYpPQBABfv+KGcywHRcygNvzSr49p5IQPOWAAAAYB+LCAAAAAAAAP9b85aBtbiIQSmjNKU4P0+vJLE4u1gvPjexLDVPzxdEGvvmZ+X75ZekLlOVfvTjc8FPJgaGiiIGKaiG5Py84vycVD1nCA1SyAABjCCFBQCV27OjYAAAAA==[0m[INFO] --- maven-compiler-plugin:2.5.1:compile (default-compile) @ camel-spring4 ---
[INFO] Nothing to compile - all classes are up to date
[INFO] 
[8mha:////4NK5HW032uYpPQBABfv+KGcywHRcygNvzSr49p5IQPOWAAAAYB+LCAAAAAAAAP9b85aBtbiIQSmjNKU4P0+vJLE4u1gvPjexLDVPzxdEGvvmZ+X75ZekLlOVfvTjc8FPJgaGiiIGKaiG5Py84vycVD1nCA1SyAABjCCFBQCV27OjYAAAAA==[0m[INFO] --- maven-resources-plugin:2.6:resources (default-resources) @ camel-spring4 ---
[INFO] Using 'UTF-8' encoding to copy filtered resources.
[INFO] Copying 11 resources
[INFO] 
[8mha:////4NK5HW032uYpPQBABfv+KGcywHRcygNvzSr49p5IQPOWAAAAYB+LCAAAAAAAAP9b85aBtbiIQSmjNKU4P0+vJLE4u1gvPjexLDVPzxdEGvvmZ+X75ZekLlOVfvTjc8FPJgaGiiIGKaiG5Py84vycVD1nCA1SyAABjCCFBQCV27OjYAAAAA==[0m[INFO] --- maven-compiler-plugin:2.5.1:compile (default-compile) @ camel-spring4 ---
[INFO] Nothing to compile - all classes are up to date
[INFO] 
[8mha:////4NK5HW032uYpPQBABfv+KGcywHRcygNvzSr49p5IQPOWAAAAYB+LCAAAAAAAAP9b85aBtbiIQSmjNKU4P0+vJLE4u1gvPjexLDVPzxdEGvvmZ+X75ZekLlOVfvTjc8FPJgaGiiIGKaiG5Py84vycVD1nCA1SyAABjCCFBQCV27OjYAAAAA==[0m[INFO] --- maven-resources-plugin:2.6:testResources (default-testResources) @ camel-spring4 ---
[INFO] Using 'UTF-8' encoding to copy filtered resources.
[INFO] skip non existing resourceDirectory /var/lib/jenkins/workspace/Gtihub_LocalMaven/src/test/resources
[INFO] 
[8mha:////4NK5HW032uYpPQBABfv+KGcywHRcygNvzSr49p5IQPOWAAAAYB+LCAAAAAAAAP9b85aBtbiIQSmjNKU4P0+vJLE4u1gvPjexLDVPzxdEGvvmZ+X75ZekLlOVfvTjc8FPJgaGiiIGKaiG5Py84vycVD1nCA1SyAABjCCFBQCV27OjYAAAAA==[0m[INFO] --- maven-compiler-plugin:2.5.1:testCompile (default-testCompile) @ camel-spring4 ---
[INFO] Compiling 2 source files to /var/lib/jenkins/workspace/Gtihub_LocalMaven/target/test-classes
[INFO] ------------------------------------------------------------------------
[INFO] BUILD FAILURE
[INFO] ------------------------------------------------------------------------
[INFO] Total time: 5.430 s
[INFO] Finished at: 2019-01-07T14:35:20Z
[INFO] Final Memory: 17M/43M
[INFO] ------------------------------------------------------------------------
[8mha:////4Gmebb97mmdsngOdE17BEnR+X1N+64JpNnnzl0BnTwlJAAAAYB+LCAAAAAAAAP9b85aBtbiIQSmjNKU4P0+vJLE4u1gvPjexLDVPzxdEuhYV5Rf55ZekOlc7RKnPKH7IxMBQUcQgBdWQnJ9XnJ+TqucMoUEKGSCAEaSwAACsNFCqYAAAAA==[0m[ERROR] Failed to execute goal org.apache.maven.plugins:maven-compiler-plugin:2.5.1:testCompile (default-testCompile) on project camel-spring4: Fatal error compiling: tools.jar not found: /usr/lib/jvm/java-1.8.0-openjdk-1.8.0.191.b12-0.amzn2.x86_64/jre/../lib/tools.jar -> [Help 1]
[8mha:////4Gmebb97mmdsngOdE17BEnR+X1N+64JpNnnzl0BnTwlJAAAAYB+LCAAAAAAAAP9b85aBtbiIQSmjNKU4P0+vJLE4u1gvPjexLDVPzxdEuhYV5Rf55ZekOlc7RKnPKH7IxMBQUcQgBdWQnJ9XnJ+TqucMoUEKGSCAEaSwAACsNFCqYAAAAA==[0m[ERROR] 
[8mha:////4Gmebb97mmdsngOdE17BEnR+X1N+64JpNnnzl0BnTwlJAAAAYB+LCAAAAAAAAP9b85aBtbiIQSmjNKU4P0+vJLE4u1gvPjexLDVPzxdEuhYV5Rf55ZekOlc7RKnPKH7IxMBQUcQgBdWQnJ9XnJ+TqucMoUEKGSCAEaSwAACsNFCqYAAAAA==[0m[ERROR] To see the full stack trace of the errors, re-run Maven with the -e switch.
[8mha:////4Gmebb97mmdsngOdE17BEnR+X1N+64JpNnnzl0BnTwlJAAAAYB+LCAAAAAAAAP9b85aBtbiIQSmjNKU4P0+vJLE4u1gvPjexLDVPzxdEuhYV5Rf55ZekOlc7RKnPKH7IxMBQUcQgBdWQnJ9XnJ+TqucMoUEKGSCAEaSwAACsNFCqYAAAAA==[0m[ERROR] Re-run Maven using the -X switch to enable full debug logging.
[8mha:////4Gmebb97mmdsngOdE17BEnR+X1N+64JpNnnzl0BnTwlJAAAAYB+LCAAAAAAAAP9b85aBtbiIQSmjNKU4P0+vJLE4u1gvPjexLDVPzxdEuhYV5Rf55ZekOlc7RKnPKH7IxMBQUcQgBdWQnJ9XnJ+TqucMoUEKGSCAEaSwAACsNFCqYAAAAA==[0m[ERROR] 
[8mha:////4Gmebb97mmdsngOdE17BEnR+X1N+64JpNnnzl0BnTwlJAAAAYB+LCAAAAAAAAP9b85aBtbiIQSmjNKU4P0+vJLE4u1gvPjexLDVPzxdEuhYV5Rf55ZekOlc7RKnPKH7IxMBQUcQgBdWQnJ9XnJ+TqucMoUEKGSCAEaSwAACsNFCqYAAAAA==[0m[ERROR] For more information about the errors and possible solutions, please read the following articles:
[8mha:////4Gmebb97mmdsngOdE17BEnR+X1N+64JpNnnzl0BnTwlJAAAAYB+LCAAAAAAAAP9b85aBtbiIQSmjNKU4P0+vJLE4u1gvPjexLDVPzxdEuhYV5Rf55ZekOlc7RKnPKH7IxMBQUcQgBdWQnJ9XnJ+TqucMoUEKGSCAEaSwAACsNFCqYAAAAA==[0m[ERROR] [Help 1] http://cwiki.apache.org/confluence/display/MAVEN/MojoExecutionException
Build step 'Invoke top-level Maven targets' marked build as failure
Finished: FAILURE
